2025-02-17 21:19:09,052 - INFO - Socket lié à 0.0.0.0
2025-02-17 21:19:09,052 - INFO - En attente de paquets...
2025-02-17 21:23:31 - INFO - Sniffer initialisé sur 127.0.0.1
2025-02-17 21:23:31 - INFO - Démarrage du sniffer...
2025-02-17 21:23:31 - INFO - Socket lié à 127.0.0.1
2025-02-17 21:23:31 - INFO - Mode promiscuous activé
2025-02-17 21:23:31 - INFO - Paquet TCP capturé - Taille: 52 bytes - Sauvegardé dans packet_2025-02-17_21-23-31.json
2025-02-17 21:23:31 - INFO - Paquet TCP capturé - Taille: 40 bytes - Sauvegardé dans packet_2025-02-17_21-23-31.json
2025-02-17 21:23:32 - INFO - Paquet TCP capturé - Taille: 52 bytes - Sauvegardé dans packet_2025-02-17_21-23-32.json
2025-02-17 21:23:32 - INFO - Paquet TCP capturé - Taille: 40 bytes - Sauvegardé dans packet_2025-02-17_21-23-32.json
2025-02-17 21:23:32 - INFO - Paquet TCP capturé - Taille: 52 bytes - Sauvegardé dans packet_2025-02-17_21-23-32.json
2025-02-17 21:23:32 - INFO - Paquet TCP capturé - Taille: 40 bytes - Sauvegardé dans packet_2025-02-17_21-23-32.json
2025-02-17 21:23:33 - INFO - Paquet TCP capturé - Taille: 52 bytes - Sauvegardé dans packet_2025-02-17_21-23-33.json
2025-02-17 21:23:33 - INFO - Paquet TCP capturé - Taille: 40 bytes - Sauvegardé dans packet_2025-02-17_21-23-33.json
2025-02-17 21:23:34 - INFO - Paquet TCP capturé - Taille: 52 bytes - Sauvegardé dans packet_2025-02-17_21-23-34.json
2025-02-17 21:23:34 - INFO - Paquet TCP capturé - Taille: 40 bytes - Sauvegardé dans packet_2025-02-17_21-23-34.json
2025-02-17 21:23:34 - INFO - Paquet TCP capturé - Taille: 52 bytes - Sauvegardé dans packet_2025-02-17_21-23-34.json
2025-02-17 21:23:34 - INFO - Paquet TCP capturé - Taille: 40 bytes - Sauvegardé dans packet_2025-02-17_21-23-34.json
2025-02-17 21:23:35 - INFO - Paquet TCP capturé - Taille: 52 bytes - Sauvegardé dans packet_2025-02-17_21-23-35.json
2025-02-17 21:23:35 - INFO - Paquet TCP capturé - Taille: 40 bytes - Sauvegardé dans packet_2025-02-17_21-23-35.json
2025-02-17 21:23:35 - INFO - Paquet TCP capturé - Taille: 52 bytes - Sauvegardé dans packet_2025-02-17_21-23-35.json
2025-02-17 21:23:35 - INFO - Paquet TCP capturé - Taille: 40 bytes - Sauvegardé dans packet_2025-02-17_21-23-35.json
2025-02-17 21:23:36 - INFO - Paquet TCP capturé - Taille: 52 bytes - Sauvegardé dans packet_2025-02-17_21-23-36.json
2025-02-17 21:23:36 - INFO - Paquet TCP capturé - Taille: 40 bytes - Sauvegardé dans packet_2025-02-17_21-23-36.json
2025-02-17 21:23:37 - INFO - Paquet TCP capturé - Taille: 52 bytes - Sauvegardé dans packet_2025-02-17_21-23-37.json
2025-02-17 21:23:37 - INFO - Paquet TCP capturé - Taille: 40 bytes - Sauvegardé dans packet_2025-02-17_21-23-37.json
2025-02-17 21:23:37 - INFO - Paquet ICMP capturé - Taille: 60 bytes - Sauvegardé dans packet_2025-02-17_21-23-37.json
2025-02-17 21:23:37 - INFO - Paquet ICMP capturé - Taille: 60 bytes - Sauvegardé dans packet_2025-02-17_21-23-37.json
2025-02-17 21:23:37 - INFO - Paquet TCP capturé - Taille: 52 bytes - Sauvegardé dans packet_2025-02-17_21-23-37.json
2025-02-17 21:23:37 - INFO - Paquet TCP capturé - Taille: 40 bytes - Sauvegardé dans packet_2025-02-17_21-23-37.json
2025-02-17 21:23:38 - INFO - Paquet TCP capturé - Taille: 52 bytes - Sauvegardé dans packet_2025-02-17_21-23-38.json
2025-02-17 21:23:38 - INFO - Paquet TCP capturé - Taille: 40 bytes - Sauvegardé dans packet_2025-02-17_21-23-38.json
2025-02-17 21:23:38 - INFO - Paquet ICMP capturé - Taille: 60 bytes - Sauvegardé dans packet_2025-02-17_21-23-38.json
2025-02-17 21:23:38 - INFO - Paquet ICMP capturé - Taille: 60 bytes - Sauvegardé dans packet_2025-02-17_21-23-38.json
2025-02-17 21:23:38 - INFO - Paquet TCP capturé - Taille: 52 bytes - Sauvegardé dans packet_2025-02-17_21-23-38.json
2025-02-17 21:23:38 - INFO - Paquet TCP capturé - Taille: 40 bytes - Sauvegardé dans packet_2025-02-17_21-23-38.json
2025-02-17 21:23:39 - INFO - Paquet ICMP capturé - Taille: 60 bytes - Sauvegardé dans packet_2025-02-17_21-23-39.json
2025-02-17 21:23:39 - INFO - Paquet ICMP capturé - Taille: 60 bytes - Sauvegardé dans packet_2025-02-17_21-23-39.json
2025-02-17 21:23:39 - INFO - Paquet TCP capturé - Taille: 52 bytes - Sauvegardé dans packet_2025-02-17_21-23-39.json
2025-02-17 21:23:39 - INFO - Paquet TCP capturé - Taille: 40 bytes - Sauvegardé dans packet_2025-02-17_21-23-39.json
2025-02-17 21:23:40 - INFO - Paquet TCP capturé - Taille: 52 bytes - Sauvegardé dans packet_2025-02-17_21-23-40.json
2025-02-17 21:23:40 - INFO - Paquet TCP capturé - Taille: 40 bytes - Sauvegardé dans packet_2025-02-17_21-23-40.json
2025-02-17 21:23:40 - INFO - Paquet ICMP capturé - Taille: 60 bytes - Sauvegardé dans packet_2025-02-17_21-23-40.json
2025-02-17 21:23:40 - INFO - Paquet ICMP capturé - Taille: 60 bytes - Sauvegardé dans packet_2025-02-17_21-23-40.json
2025-02-17 21:23:40 - INFO - Paquet TCP capturé - Taille: 52 bytes - Sauvegardé dans packet_2025-02-17_21-23-40.json
2025-02-17 21:23:40 - INFO - Paquet TCP capturé - Taille: 40 bytes - Sauvegardé dans packet_2025-02-17_21-23-40.json
2025-02-17 21:23:41 - INFO - Paquet TCP capturé - Taille: 52 bytes - Sauvegardé dans packet_2025-02-17_21-23-41.json
2025-02-17 21:23:41 - INFO - Paquet TCP capturé - Taille: 40 bytes - Sauvegardé dans packet_2025-02-17_21-23-41.json
2025-02-17 21:23:41 - INFO - Paquet TCP capturé - Taille: 52 bytes - Sauvegardé dans packet_2025-02-17_21-23-41.json
2025-02-17 21:23:41 - INFO - Paquet TCP capturé - Taille: 40 bytes - Sauvegardé dans packet_2025-02-17_21-23-41.json
2025-02-17 21:23:42 - INFO - Paquet TCP capturé - Taille: 72 bytes - Sauvegardé dans packet_2025-02-17_21-23-42.json
2025-02-17 21:23:42 - INFO - Paquet TCP capturé - Taille: 60 bytes - Sauvegardé dans packet_2025-02-17_21-23-42.json
2025-02-17 21:23:42 - INFO - Paquet TCP capturé - Taille: 40 bytes - Sauvegardé dans packet_2025-02-17_21-23-42.json
2025-02-17 21:23:42 - INFO - Paquet TCP capturé - Taille: 40 bytes - Sauvegardé dans packet_2025-02-17_21-23-42.json
2025-02-17 21:23:42 - INFO - Paquet TCP capturé - Taille: 40 bytes - Sauvegardé dans packet_2025-02-17_21-23-42.json
2025-02-17 21:23:42 - INFO - Paquet TCP capturé - Taille: 72 bytes - Sauvegardé dans packet_2025-02-17_21-23-42.json
2025-02-17 21:23:42 - INFO - Paquet TCP capturé - Taille: 40 bytes - Sauvegardé dans packet_2025-02-17_21-23-42.json
2025-02-17 21:23:42 - INFO - Paquet TCP capturé - Taille: 60 bytes - Sauvegardé dans packet_2025-02-17_21-23-42.json
2025-02-17 21:23:42 - INFO - Paquet TCP capturé - Taille: 40 bytes - Sauvegardé dans packet_2025-02-17_21-23-42.json
2025-02-17 21:23:42 - INFO - Paquet TCP capturé - Taille: 72 bytes - Sauvegardé dans packet_2025-02-17_21-23-42.json
2025-02-17 21:23:42 - INFO - Paquet TCP capturé - Taille: 40 bytes - Sauvegardé dans packet_2025-02-17_21-23-42.json
2025-02-17 21:23:42 - INFO - Paquet TCP capturé - Taille: 72 bytes - Sauvegardé dans packet_2025-02-17_21-23-42.json
2025-02-17 21:23:42 - INFO - Paquet TCP capturé - Taille: 40 bytes - Sauvegardé dans packet_2025-02-17_21-23-42.json
2025-02-17 21:23:42 - INFO - Mode promiscuous désactivé
2025-02-17 21:23:42 - INFO - Sniffer arrêté
2025-02-17 21:32:22 - INFO - Sniffer initialisé sur 127.0.0.1
2025-02-17 21:32:22 - INFO - Démarrage du sniffer...
2025-02-17 21:32:22 - INFO - Socket lié à 127.0.0.1
2025-02-17 21:32:22 - INFO - Mode promiscuous activé
2025-02-17 21:32:22 - INFO - Paquet TCP capturé - Taille: 2847 bytes - Sauvegardé dans packet_2025-02-17_21-32-22.json
2025-02-17 21:32:22 - INFO - Paquet TCP capturé - Taille: 40 bytes - Sauvegardé dans packet_2025-02-17_21-32-22.json
2025-02-17 21:32:22 - INFO - Paquet TCP capturé - Taille: 52 bytes - Sauvegardé dans packet_2025-02-17_21-32-22.json
2025-02-17 21:32:22 - INFO - Paquet TCP capturé - Taille: 40 bytes - Sauvegardé dans packet_2025-02-17_21-32-22.json
2025-02-17 21:32:23 - INFO - Paquet TCP capturé - Taille: 1721 bytes - Sauvegardé dans packet_2025-02-17_21-32-23.json
2025-02-17 21:32:23 - INFO - Paquet TCP capturé - Taille: 40 bytes - Sauvegardé dans packet_2025-02-17_21-32-23.json
2025-02-17 21:32:23 - INFO - Paquet TCP capturé - Taille: 52 bytes - Sauvegardé dans packet_2025-02-17_21-32-23.json
2025-02-17 21:32:23 - INFO - Paquet TCP capturé - Taille: 40 bytes - Sauvegardé dans packet_2025-02-17_21-32-23.json
2025-02-17 21:32:23 - INFO - Paquet TCP capturé - Taille: 52 bytes - Sauvegardé dans packet_2025-02-17_21-32-23.json
2025-02-17 21:32:23 - INFO - Paquet TCP capturé - Taille: 40 bytes - Sauvegardé dans packet_2025-02-17_21-32-23.json
2025-02-17 21:32:24 - INFO - Paquet TCP capturé - Taille: 1721 bytes - Sauvegardé dans packet_2025-02-17_21-32-24.json
2025-02-17 21:32:24 - INFO - Paquet TCP capturé - Taille: 40 bytes - Sauvegardé dans packet_2025-02-17_21-32-24.json
2025-02-17 21:32:24 - INFO - Paquet TCP capturé - Taille: 52 bytes - Sauvegardé dans packet_2025-02-17_21-32-24.json
2025-02-17 21:32:24 - INFO - Paquet TCP capturé - Taille: 40 bytes - Sauvegardé dans packet_2025-02-17_21-32-24.json
2025-02-17 21:32:24 - INFO - Paquet TCP capturé - Taille: 52 bytes - Sauvegardé dans packet_2025-02-17_21-32-24.json
2025-02-17 21:32:24 - INFO - Paquet TCP capturé - Taille: 40 bytes - Sauvegardé dans packet_2025-02-17_21-32-24.json
2025-02-17 21:32:25 - INFO - Paquet TCP capturé - Taille: 1721 bytes - Sauvegardé dans packet_2025-02-17_21-32-25.json
2025-02-17 21:32:25 - INFO - Paquet TCP capturé - Taille: 40 bytes - Sauvegardé dans packet_2025-02-17_21-32-25.json
2025-02-17 21:32:25 - INFO - Paquet TCP capturé - Taille: 305 bytes - Sauvegardé dans packet_2025-02-17_21-32-25.json
2025-02-17 21:32:25 - INFO - Paquet TCP capturé - Taille: 40 bytes - Sauvegardé dans packet_2025-02-17_21-32-25.json
2025-02-17 21:32:25 - INFO - Paquet TCP capturé - Taille: 4313 bytes - Sauvegardé dans packet_2025-02-17_21-32-25.json
2025-02-17 21:32:25 - INFO - Paquet TCP capturé - Taille: 40 bytes - Sauvegardé dans packet_2025-02-17_21-32-25.json
2025-02-17 21:32:25 - INFO - Paquet TCP capturé - Taille: 52 bytes - Sauvegardé dans packet_2025-02-17_21-32-25.json
2025-02-17 21:32:25 - INFO - Paquet TCP capturé - Taille: 40 bytes - Sauvegardé dans packet_2025-02-17_21-32-25.json
2025-02-17 21:32:25 - INFO - Paquet TCP capturé - Taille: 6979 bytes - Sauvegardé dans packet_2025-02-17_21-32-25.json
2025-02-17 21:32:25 - INFO - Paquet TCP capturé - Taille: 40 bytes - Sauvegardé dans packet_2025-02-17_21-32-25.json
2025-02-17 21:32:26 - INFO - Paquet TCP capturé - Taille: 1721 bytes - Sauvegardé dans packet_2025-02-17_21-32-26.json
2025-02-17 21:32:26 - INFO - Paquet TCP capturé - Taille: 40 bytes - Sauvegardé dans packet_2025-02-17_21-32-26.json
2025-02-17 21:32:26 - INFO - Paquet TCP capturé - Taille: 52 bytes - Sauvegardé dans packet_2025-02-17_21-32-26.json
2025-02-17 21:32:26 - INFO - Paquet TCP capturé - Taille: 40 bytes - Sauvegardé dans packet_2025-02-17_21-32-26.json
2025-02-17 21:32:26 - INFO - Paquet TCP capturé - Taille: 7070 bytes - Sauvegardé dans packet_2025-02-17_21-32-26.json
2025-02-17 21:32:26 - INFO - Paquet TCP capturé - Taille: 40 bytes - Sauvegardé dans packet_2025-02-17_21-32-26.json
2025-02-17 21:32:26 - INFO - Paquet TCP capturé - Taille: 52 bytes - Sauvegardé dans packet_2025-02-17_21-32-26.json
2025-02-17 21:32:26 - INFO - Paquet TCP capturé - Taille: 40 bytes - Sauvegardé dans packet_2025-02-17_21-32-26.json
2025-02-17 21:32:27 - INFO - Paquet TCP capturé - Taille: 1721 bytes - Sauvegardé dans packet_2025-02-17_21-32-27.json
2025-02-17 21:32:27 - INFO - Paquet TCP capturé - Taille: 40 bytes - Sauvegardé dans packet_2025-02-17_21-32-27.json
2025-02-17 21:32:27 - INFO - Paquet TCP capturé - Taille: 44 bytes - Sauvegardé dans packet_2025-02-17_21-32-27.json
2025-02-17 21:32:27 - INFO - Paquet TCP capturé - Taille: 72 bytes - Sauvegardé dans packet_2025-02-17_21-32-27.json
2025-02-17 21:32:27 - INFO - Paquet TCP capturé - Taille: 40 bytes - Sauvegardé dans packet_2025-02-17_21-32-27.json
2025-02-17 21:32:27 - INFO - Paquet TCP capturé - Taille: 40 bytes - Sauvegardé dans packet_2025-02-17_21-32-27.json
2025-02-17 21:32:27 - INFO - Paquet TCP capturé - Taille: 40 bytes - Sauvegardé dans packet_2025-02-17_21-32-27.json
2025-02-17 21:32:27 - INFO - Paquet TCP capturé - Taille: 48 bytes - Sauvegardé dans packet_2025-02-17_21-32-27.json
2025-02-17 21:32:27 - INFO - Paquet TCP capturé - Taille: 40 bytes - Sauvegardé dans packet_2025-02-17_21-32-27.json
2025-02-17 21:32:27 - INFO - Paquet TCP capturé - Taille: 72 bytes - Sauvegardé dans packet_2025-02-17_21-32-27.json
2025-02-17 21:32:27 - INFO - Paquet TCP capturé - Taille: 40 bytes - Sauvegardé dans packet_2025-02-17_21-32-27.json
2025-02-17 21:32:27 - INFO - Paquet TCP capturé - Taille: 64 bytes - Sauvegardé dans packet_2025-02-17_21-32-27.json
2025-02-17 21:32:27 - INFO - Paquet TCP capturé - Taille: 40 bytes - Sauvegardé dans packet_2025-02-17_21-32-27.json
2025-02-17 21:32:27 - INFO - Paquet TCP capturé - Taille: 72 bytes - Sauvegardé dans packet_2025-02-17_21-32-27.json
2025-02-17 21:32:27 - INFO - Paquet TCP capturé - Taille: 40 bytes - Sauvegardé dans packet_2025-02-17_21-32-27.json
2025-02-17 21:32:27 - INFO - Paquet TCP capturé - Taille: 72 bytes - Sauvegardé dans packet_2025-02-17_21-32-27.json
2025-02-17 21:32:27 - INFO - Paquet TCP capturé - Taille: 40 bytes - Sauvegardé dans packet_2025-02-17_21-32-27.json
2025-02-17 21:32:27 - INFO - Paquet TCP capturé - Taille: 72 bytes - Sauvegardé dans packet_2025-02-17_21-32-27.json
2025-02-17 21:32:27 - INFO - Paquet TCP capturé - Taille: 40 bytes - Sauvegardé dans packet_2025-02-17_21-32-27.json
2025-02-17 21:32:27 - INFO - Paquet TCP capturé - Taille: 56 bytes - Sauvegardé dans packet_2025-02-17_21-32-27.json
2025-02-17 21:32:27 - INFO - Paquet TCP capturé - Taille: 40 bytes - Sauvegardé dans packet_2025-02-17_21-32-27.json
2025-02-17 21:32:27 - INFO - Paquet TCP capturé - Taille: 72 bytes - Sauvegardé dans packet_2025-02-17_21-32-27.json
2025-02-17 21:32:27 - INFO - Paquet TCP capturé - Taille: 40 bytes - Sauvegardé dans packet_2025-02-17_21-32-27.json
2025-02-17 21:32:27 - INFO - Paquet TCP capturé - Taille: 72 bytes - Sauvegardé dans packet_2025-02-17_21-32-27.json
2025-02-17 21:32:27 - INFO - Paquet TCP capturé - Taille: 40 bytes - Sauvegardé dans packet_2025-02-17_21-32-27.json
2025-02-17 21:32:27 - INFO - Paquet TCP capturé - Taille: 44 bytes - Sauvegardé dans packet_2025-02-17_21-32-27.json
2025-02-17 21:32:27 - INFO - Paquet TCP capturé - Taille: 72 bytes - Sauvegardé dans packet_2025-02-17_21-32-27.json
2025-02-17 21:32:27 - INFO - Paquet TCP capturé - Taille: 40 bytes - Sauvegardé dans packet_2025-02-17_21-32-27.json
2025-02-17 21:32:27 - INFO - Paquet TCP capturé - Taille: 40 bytes - Sauvegardé dans packet_2025-02-17_21-32-27.json
2025-02-17 21:32:27 - INFO - Paquet TCP capturé - Taille: 40 bytes - Sauvegardé dans packet_2025-02-17_21-32-27.json
2025-02-17 21:32:27 - INFO - Paquet TCP capturé - Taille: 48 bytes - Sauvegardé dans packet_2025-02-17_21-32-27.json
2025-02-17 21:32:27 - INFO - Paquet TCP capturé - Taille: 40 bytes - Sauvegardé dans packet_2025-02-17_21-32-27.json
2025-02-17 21:32:27 - INFO - Paquet TCP capturé - Taille: 72 bytes - Sauvegardé dans packet_2025-02-17_21-32-27.json
2025-02-17 21:32:27 - INFO - Paquet TCP capturé - Taille: 40 bytes - Sauvegardé dans packet_2025-02-17_21-32-27.json
2025-02-17 21:32:27 - INFO - Paquet TCP capturé - Taille: 48 bytes - Sauvegardé dans packet_2025-02-17_21-32-27.json
2025-02-17 21:32:27 - INFO - Paquet TCP capturé - Taille: 40 bytes - Sauvegardé dans packet_2025-02-17_21-32-27.json
2025-02-17 21:32:27 - INFO - Paquet TCP capturé - Taille: 72 bytes - Sauvegardé dans packet_2025-02-17_21-32-27.json
2025-02-17 21:32:27 - INFO - Paquet TCP capturé - Taille: 40 bytes - Sauvegardé dans packet_2025-02-17_21-32-27.json
2025-02-17 21:32:27 - INFO - Paquet TCP capturé - Taille: 52 bytes - Sauvegardé dans packet_2025-02-17_21-32-27.json
2025-02-17 21:32:27 - INFO - Paquet TCP capturé - Taille: 40 bytes - Sauvegardé dans packet_2025-02-17_21-32-27.json
2025-02-17 21:55:11 - INFO - Sniffer initialisé sur 127.0.0.1
2025-02-17 21:55:11 - INFO - Démarrage du sniffer...
2025-02-17 21:55:11 - INFO - Socket lié à 127.0.0.1
2025-02-17 21:55:11 - INFO - Mode promiscuous activé
2025-02-17 21:55:12 - INFO - Paquet TCP capturé - Taille: 52 bytes - Sauvegardé dans packet_2025-02-17_21-55-12.json
2025-02-17 21:55:12 - INFO - Paquet TCP capturé - Taille: 40 bytes - Sauvegardé dans packet_2025-02-17_21-55-12.json
2025-02-17 21:55:12 - INFO - Paquet TCP capturé - Taille: 52 bytes - Sauvegardé dans packet_2025-02-17_21-55-12.json
2025-02-17 21:55:12 - INFO - Paquet TCP capturé - Taille: 40 bytes - Sauvegardé dans packet_2025-02-17_21-55-12.json
2025-02-17 21:55:13 - INFO - Paquet TCP capturé - Taille: 52 bytes - Sauvegardé dans packet_2025-02-17_21-55-13.json
2025-02-17 21:55:13 - INFO - Paquet TCP capturé - Taille: 40 bytes - Sauvegardé dans packet_2025-02-17_21-55-13.json
2025-02-17 21:55:13 - INFO - Paquet TCP capturé - Taille: 52 bytes - Sauvegardé dans packet_2025-02-17_21-55-13.json
2025-02-17 21:55:13 - INFO - Paquet TCP capturé - Taille: 40 bytes - Sauvegardé dans packet_2025-02-17_21-55-13.json
2025-02-17 21:55:14 - INFO - Paquet TCP capturé - Taille: 52 bytes - Sauvegardé dans packet_2025-02-17_21-55-14.json
2025-02-17 21:55:14 - INFO - Paquet TCP capturé - Taille: 40 bytes - Sauvegardé dans packet_2025-02-17_21-55-14.json
2025-02-17 21:55:15 - INFO - Paquet TCP capturé - Taille: 52 bytes - Sauvegardé dans packet_2025-02-17_21-55-15.json
2025-02-17 21:55:15 - INFO - Paquet TCP capturé - Taille: 40 bytes - Sauvegardé dans packet_2025-02-17_21-55-15.json
2025-02-17 21:55:15 - INFO - Paquet TCP capturé - Taille: 52 bytes - Sauvegardé dans packet_2025-02-17_21-55-15.json
2025-02-17 21:55:15 - INFO - Paquet TCP capturé - Taille: 40 bytes - Sauvegardé dans packet_2025-02-17_21-55-15.json
2025-02-17 21:55:16 - INFO - Paquet TCP capturé - Taille: 52 bytes - Sauvegardé dans packet_2025-02-17_21-55-16.json
2025-02-17 21:55:16 - INFO - Paquet TCP capturé - Taille: 40 bytes - Sauvegardé dans packet_2025-02-17_21-55-16.json
2025-02-17 21:55:16 - INFO - Paquet TCP capturé - Taille: 52 bytes - Sauvegardé dans packet_2025-02-17_21-55-16.json
2025-02-17 21:55:16 - INFO - Paquet TCP capturé - Taille: 40 bytes - Sauvegardé dans packet_2025-02-17_21-55-16.json
2025-02-17 21:55:17 - INFO - Paquet TCP capturé - Taille: 52 bytes - Sauvegardé dans packet_2025-02-17_21-55-17.json
2025-02-17 21:55:17 - INFO - Paquet TCP capturé - Taille: 40 bytes - Sauvegardé dans packet_2025-02-17_21-55-17.json
2025-02-17 21:55:18 - INFO - Paquet TCP capturé - Taille: 52 bytes - Sauvegardé dans packet_2025-02-17_21-55-18.json
2025-02-17 21:55:18 - INFO - Paquet TCP capturé - Taille: 40 bytes - Sauvegardé dans packet_2025-02-17_21-55-18.json
2025-02-17 21:55:18 - INFO - Paquet TCP capturé - Taille: 44 bytes - Sauvegardé dans packet_2025-02-17_21-55-18.json
2025-02-17 21:55:18 - INFO - Paquet TCP capturé - Taille: 72 bytes - Sauvegardé dans packet_2025-02-17_21-55-18.json
2025-02-17 21:55:18 - INFO - Paquet TCP capturé - Taille: 40 bytes - Sauvegardé dans packet_2025-02-17_21-55-18.json
2025-02-17 21:55:18 - INFO - Paquet TCP capturé - Taille: 40 bytes - Sauvegardé dans packet_2025-02-17_21-55-18.json
2025-02-17 21:55:18 - INFO - Paquet TCP capturé - Taille: 40 bytes - Sauvegardé dans packet_2025-02-17_21-55-18.json
2025-02-17 21:55:18 - INFO - Paquet TCP capturé - Taille: 48 bytes - Sauvegardé dans packet_2025-02-17_21-55-18.json
2025-02-17 21:55:18 - INFO - Paquet TCP capturé - Taille: 40 bytes - Sauvegardé dans packet_2025-02-17_21-55-18.json
2025-02-17 21:55:18 - INFO - Paquet TCP capturé - Taille: 72 bytes - Sauvegardé dans packet_2025-02-17_21-55-18.json
2025-02-17 21:55:18 - INFO - Paquet TCP capturé - Taille: 40 bytes - Sauvegardé dans packet_2025-02-17_21-55-18.json
2025-02-17 21:55:18 - INFO - Paquet TCP capturé - Taille: 48 bytes - Sauvegardé dans packet_2025-02-17_21-55-18.json
2025-02-17 21:55:18 - INFO - Paquet TCP capturé - Taille: 40 bytes - Sauvegardé dans packet_2025-02-17_21-55-18.json
2025-02-17 21:55:18 - INFO - Paquet TCP capturé - Taille: 72 bytes - Sauvegardé dans packet_2025-02-17_21-55-18.json
2025-02-17 21:55:18 - INFO - Paquet TCP capturé - Taille: 40 bytes - Sauvegardé dans packet_2025-02-17_21-55-18.json
2025-02-17 21:55:18 - INFO - Paquet TCP capturé - Taille: 52 bytes - Sauvegardé dans packet_2025-02-17_21-55-18.json
2025-02-17 21:55:18 - INFO - Paquet TCP capturé - Taille: 40 bytes - Sauvegardé dans packet_2025-02-17_21-55-18.json
2025-02-17 21:55:18 - INFO - Paquet TCP capturé - Taille: 44 bytes - Sauvegardé dans packet_2025-02-17_21-55-18.json
2025-02-17 21:55:18 - INFO - Paquet TCP capturé - Taille: 40 bytes - Sauvegardé dans packet_2025-02-17_21-55-18.json
2025-02-17 21:55:18 - INFO - Paquet TCP capturé - Taille: 72 bytes - Sauvegardé dans packet_2025-02-17_21-55-18.json
2025-02-17 21:55:18 - INFO - Paquet TCP capturé - Taille: 40 bytes - Sauvegardé dans packet_2025-02-17_21-55-18.json
2025-02-17 21:55:18 - INFO - Paquet TCP capturé - Taille: 48 bytes - Sauvegardé dans packet_2025-02-17_21-55-18.json
2025-02-17 21:55:18 - INFO - Paquet TCP capturé - Taille: 72 bytes - Sauvegardé dans packet_2025-02-17_21-55-18.json
2025-02-17 21:55:18 - INFO - Paquet TCP capturé - Taille: 40 bytes - Sauvegardé dans packet_2025-02-17_21-55-18.json
2025-02-17 21:55:18 - INFO - Paquet TCP capturé - Taille: 40 bytes - Sauvegardé dans packet_2025-02-17_21-55-18.json
2025-02-17 21:55:18 - INFO - Paquet TCP capturé - Taille: 40 bytes - Sauvegardé dans packet_2025-02-17_21-55-18.json
2025-02-17 21:55:18 - INFO - Paquet TCP capturé - Taille: 48 bytes - Sauvegardé dans packet_2025-02-17_21-55-18.json
2025-02-17 21:55:18 - INFO - Paquet TCP capturé - Taille: 40 bytes - Sauvegardé dans packet_2025-02-17_21-55-18.json
2025-02-17 21:55:18 - INFO - Paquet TCP capturé - Taille: 72 bytes - Sauvegardé dans packet_2025-02-17_21-55-18.json
2025-02-17 21:55:18 - INFO - Paquet TCP capturé - Taille: 40 bytes - Sauvegardé dans packet_2025-02-17_21-55-18.json
2025-02-17 21:55:19 - INFO - Paquet TCP capturé - Taille: 52 bytes - Sauvegardé dans packet_2025-02-17_21-55-19.json
2025-02-17 21:55:19 - INFO - Paquet TCP capturé - Taille: 40 bytes - Sauvegardé dans packet_2025-02-17_21-55-19.json
2025-02-17 21:55:19 - INFO - Paquet TCP capturé - Taille: 52 bytes - Sauvegardé dans packet_2025-02-17_21-55-19.json
2025-02-17 21:55:19 - INFO - Paquet TCP capturé - Taille: 40 bytes - Sauvegardé dans packet_2025-02-17_21-55-19.json
2025-02-17 21:55:19 - INFO - Paquet TCP capturé - Taille: 60 bytes - Sauvegardé dans packet_2025-02-17_21-55-19.json
2025-02-17 21:55:19 - INFO - Paquet TCP capturé - Taille: 40 bytes - Sauvegardé dans packet_2025-02-17_21-55-19.json
2025-02-17 21:55:19 - INFO - Paquet TCP capturé - Taille: 72 bytes - Sauvegardé dans packet_2025-02-17_21-55-19.json
2025-02-17 21:55:19 - INFO - Paquet TCP capturé - Taille: 40 bytes - Sauvegardé dans packet_2025-02-17_21-55-19.json
2025-02-17 21:55:19 - INFO - Paquet TCP capturé - Taille: 72 bytes - Sauvegardé dans packet_2025-02-17_21-55-19.json
2025-02-17 21:55:19 - INFO - Paquet TCP capturé - Taille: 40 bytes - Sauvegardé dans packet_2025-02-17_21-55-19.json
2025-02-17 21:55:19 - INFO - Paquet TCP capturé - Taille: 60 bytes - Sauvegardé dans packet_2025-02-17_21-55-19.json
2025-02-17 21:55:19 - INFO - Paquet TCP capturé - Taille: 40 bytes - Sauvegardé dans packet_2025-02-17_21-55-19.json
2025-02-17 21:55:19 - INFO - Paquet TCP capturé - Taille: 72 bytes - Sauvegardé dans packet_2025-02-17_21-55-19.json
2025-02-17 21:55:19 - INFO - Paquet TCP capturé - Taille: 40 bytes - Sauvegardé dans packet_2025-02-17_21-55-19.json
2025-02-17 21:55:19 - INFO - Paquet TCP capturé - Taille: 40 bytes - Sauvegardé dans packet_2025-02-17_21-55-19.json
2025-02-17 21:55:19 - INFO - Paquet TCP capturé - Taille: 72 bytes - Sauvegardé dans packet_2025-02-17_21-55-19.json
2025-02-17 21:55:19 - INFO - Paquet TCP capturé - Taille: 40 bytes - Sauvegardé dans packet_2025-02-17_21-55-19.json
2025-02-17 21:55:20 - INFO - Mode promiscuous désactivé
2025-02-17 21:55:20 - INFO - Sniffer arrêté
